0 info it worked if it ends with ok
1 verbose cli [ '/usr/local/bin/node',
1 verbose cli   '/usr/local/bin/npm',
1 verbose cli   'install',
1 verbose cli   '-g',
1 verbose cli   'bower' ]
2 info using npm@1.3.8
3 info using node@v0.10.17
4 verbose cache add [ 'bower', null ]
5 verbose cache add name=undefined spec="bower" args=["bower",null]
6 verbose parsed url { protocol: null,
6 verbose parsed url   slashes: null,
6 verbose parsed url   auth: null,
6 verbose parsed url   host: null,
6 verbose parsed url   port: null,
6 verbose parsed url   hostname: null,
6 verbose parsed url   hash: null,
6 verbose parsed url   search: null,
6 verbose parsed url   query: null,
6 verbose parsed url   pathname: 'bower',
6 verbose parsed url   path: 'bower',
6 verbose parsed url   href: 'bower' }
7 silly lockFile 206e3ce5-bower bower
8 verbose lock bower /home/cybage/.npm/206e3ce5-bower.lock
9 silly lockFile 206e3ce5-bower bower
10 silly lockFile 206e3ce5-bower bower
11 verbose addNamed [ 'bower', '' ]
12 verbose addNamed [ null, '*' ]
13 silly lockFile 1240aab1-bower bower@
14 verbose lock bower@ /home/cybage/.npm/1240aab1-bower.lock
15 silly addNameRange { name: 'bower', range: '*', hasData: false }
16 verbose url raw bower
17 verbose url resolving [ 'https://registry.npmjs.org/', './bower' ]
18 verbose url resolved https://registry.npmjs.org/bower
19 info trying registry request attempt 1 at 13:04:14
20 verbose etag "SFVEO1LEUVYUQ1HHU8BTQ3D8"
21 http GET https://registry.npmjs.org/bower
22 info retry will retry, error on last attempt: Error: UNABLE_TO_VERIFY_LEAF_SIGNATURE
23 info trying registry request attempt 2 at 13:04:25
24 verbose etag "SFVEO1LEUVYUQ1HHU8BTQ3D8"
25 http GET https://registry.npmjs.org/bower
26 info retry will retry, error on last attempt: Error: UNABLE_TO_VERIFY_LEAF_SIGNATURE
27 info trying registry request attempt 3 at 13:05:25
28 verbose etag "SFVEO1LEUVYUQ1HHU8BTQ3D8"
29 http GET https://registry.npmjs.org/bower
30 silly registry.get cb [ 304, undefined ]
31 verbose etag bower from cache
32 silly addNameRange number 2 { name: 'bower', range: '*', hasData: true }
33 silly addNameRange versions [ 'bower',
33 silly addNameRange   [ '0.1.0',
33 silly addNameRange     '0.1.2',
33 silly addNameRange     '0.1.3',
33 silly addNameRange     '0.2.0',
33 silly addNameRange     '0.3.0',
33 silly addNameRange     '0.3.1',
33 silly addNameRange     '0.3.2',
33 silly addNameRange     '0.4.0',
33 silly addNameRange     '0.5.0',
33 silly addNameRange     '0.5.1',
33 silly addNameRange     '0.6.0',
33 silly addNameRange     '0.6.1',
33 silly addNameRange     '0.6.2',
33 silly addNameRange     '0.6.3',
33 silly addNameRange     '0.6.4',
33 silly addNameRange     '0.6.5',
33 silly addNameRange     '0.6.6',
33 silly addNameRange     '0.6.7',
33 silly addNameRange     '0.6.8',
33 silly addNameRange     '0.7.0',
33 silly addNameRange     '0.7.1',
33 silly addNameRange     '0.8.0',
33 silly addNameRange     '0.8.1',
33 silly addNameRange     '0.8.2',
33 silly addNameRange     '0.8.3',
33 silly addNameRange     '0.8.4',
33 silly addNameRange     '0.8.5',
33 silly addNameRange     '0.8.6',
33 silly addNameRange     '0.9.0',
33 silly addNameRange     '0.9.1',
33 silly addNameRange     '0.9.2',
33 silly addNameRange     '0.10.0',
33 silly addNameRange     '1.0.0',
33 silly addNameRange     '1.0.1',
33 silly addNameRange     '1.0.2',
33 silly addNameRange     '1.0.3',
33 silly addNameRange     '1.1.0',
33 silly addNameRange     '1.1.1',
33 silly addNameRange     '1.1.2',
33 silly addNameRange     '1.2.0',
33 silly addNameRange     '1.2.1',
33 silly addNameRange     '1.2.2',
33 silly addNameRange     '1.2.3',
33 silly addNameRange     '1.2.4',
33 silly addNameRange     '1.2.5',
33 silly addNameRange     '1.2.6',
33 silly addNameRange     '1.2.7',
33 silly addNameRange     '1.2.8',
33 silly addNameRange     '1.3.0',
33 silly addNameRange     '1.3.1',
33 silly addNameRange     '1.3.2',
33 silly addNameRange     '1.3.3',
33 silly addNameRange     '1.3.4',
33 silly addNameRange     '1.3.5',
33 silly addNameRange     '1.3.6',
33 silly addNameRange     '1.3.7',
33 silly addNameRange     '1.3.8',
33 silly addNameRange     '1.3.9',
33 silly addNameRange     '1.3.10',
33 silly addNameRange     '1.3.11',
33 silly addNameRange     '1.3.12' ] ]
34 verbose addNamed [ 'bower', '1.3.12' ]
35 verbose addNamed [ '1.3.12', '1.3.12' ]
36 silly lockFile 9819431c-bower-1-3-12 bower@1.3.12
37 verbose lock bower@1.3.12 /home/cybage/.npm/9819431c-bower-1-3-12.lock
38 silly lockFile b05fd70b-npmjs-org-bower-bower-1-3-12-tgz https://registry.npmjs.org/bower/-/bower-1.3.12.tgz
39 verbose lock https://registry.npmjs.org/bower/-/bower-1.3.12.tgz /home/cybage/.npm/b05fd70b-npmjs-org-bower-bower-1-3-12-tgz.lock
40 verbose addRemoteTarball [ 'https://registry.npmjs.org/bower/-/bower-1.3.12.tgz',
40 verbose addRemoteTarball   '37de0edb3904baf90aee13384a1a379a05ee214c' ]
41 info retry fetch attempt 1 at 13:05:25
42 verbose fetch to= /home/cybage/tmp/npm-3701-m0SddQJS/1430724925800-0.9977789029944688/tmp.tgz
43 http GET https://registry.npmjs.org/bower/-/bower-1.3.12.tgz
44 error fetch failed https://registry.npmjs.org/bower/-/bower-1.3.12.tgz
45 info retry will retry, error on last attempt: Error: UNABLE_TO_VERIFY_LEAF_SIGNATURE
46 info retry fetch attempt 2 at 13:05:36
47 verbose fetch to= /home/cybage/tmp/npm-3701-m0SddQJS/1430724925800-0.9977789029944688/tmp.tgz
48 http GET https://registry.npmjs.org/bower/-/bower-1.3.12.tgz
49 error fetch failed https://registry.npmjs.org/bower/-/bower-1.3.12.tgz
50 info retry will retry, error on last attempt: Error: UNABLE_TO_VERIFY_LEAF_SIGNATURE
51 info retry fetch attempt 3 at 13:06:36
52 verbose fetch to= /home/cybage/tmp/npm-3701-m0SddQJS/1430724925800-0.9977789029944688/tmp.tgz
53 http GET https://registry.npmjs.org/bower/-/bower-1.3.12.tgz
54 error fetch failed https://registry.npmjs.org/bower/-/bower-1.3.12.tgz
55 silly lockFile b05fd70b-npmjs-org-bower-bower-1-3-12-tgz https://registry.npmjs.org/bower/-/bower-1.3.12.tgz
56 silly lockFile b05fd70b-npmjs-org-bower-bower-1-3-12-tgz https://registry.npmjs.org/bower/-/bower-1.3.12.tgz
57 silly lockFile 9819431c-bower-1-3-12 bower@1.3.12
58 silly lockFile 9819431c-bower-1-3-12 bower@1.3.12
59 silly lockFile 1240aab1-bower bower@
60 silly lockFile 1240aab1-bower bower@
61 error Error: UNABLE_TO_VERIFY_LEAF_SIGNATURE
61 error     at SecurePair.<anonymous> (tls.js:1357:32)
61 error     at SecurePair.EventEmitter.emit (events.js:92:17)
61 error     at SecurePair.maybeInitFinished (tls.js:970:10)
61 error     at CleartextStream.read [as _read] (tls.js:463:15)
61 error     at CleartextStream.Readable.read (_stream_readable.js:320:10)
61 error     at EncryptedStream.write [as _write] (tls.js:366:25)
61 error     at doWrite (_stream_writable.js:219:10)
61 error     at writeOrBuffer (_stream_writable.js:209:5)
61 error     at EncryptedStream.Writable.write (_stream_writable.js:180:11)
61 error     at write (_stream_readable.js:583:24)
61 error     at flow (_stream_readable.js:592:7)
62 error If you need help, you may report this log at:
62 error     <http://github.com/isaacs/npm/issues>
62 error or email it to:
62 error     <npm-@googlegroups.com>
63 error System Linux 3.2.0-70-generic
64 error command "/usr/local/bin/node" "/usr/local/bin/npm" "install" "-g" "bower"
65 error cwd /home/cybage/sandeep/ror_test/ajs&rails/RailsWthAngular/RailsAjsDemo
66 error node -v v0.10.17
67 error npm -v 1.3.8
68 verbose exit [ 1, true ]
